0 verbose cli C:\Program Files\nodejs\node.exe C:\Program Files\nodejs\node_modules\npm\bin\npm-cli.js
1 info using npm@10.9.0
2 info using node@v22.12.0
3 silly config load:file:C:\Program Files\nodejs\node_modules\npm\npmrc
4 silly config load:file:D:\Моя_НРИ\Project Andromeda\.quartz-site\.npmrc
5 silly config load:file:C:\Users\Matvei\.npmrc
6 silly config load:file:D:\Моя_НРИ\Project Andromeda\.quartz-site\etc\npmrc
7 verbose title npm exec quartz build
8 verbose argv "exec" "--" "quartz" "build"
9 verbose logfile logs-max:10 dir:D:\Моя_НРИ\Project Andromeda\.npm-cache\_logs\2026-04-01T10_25_17_726Z-
10 verbose logfile D:\Моя_НРИ\Project Andromeda\.npm-cache\_logs\2026-04-01T10_25_17_726Z-debug-0.log
11 silly logfile done cleaning log files
12 silly packumentCache heap:4345298944 maxSize:1086324736 maxEntrySize:543162368
13 silly packumentCache heap:4345298944 maxSize:1086324736 maxEntrySize:543162368
14 silly idealTree buildDeps
15 silly placeDep ROOT @jackyzha0/quartz@4.5.2 OK for:  want: file:../../../.quartz-site
16 warn EBADENGINE Unsupported engine {
16 warn EBADENGINE   package: '@jackyzha0/quartz@4.5.2',
16 warn EBADENGINE   required: { npm: '>=10.9.2', node: '>=22' },
16 warn EBADENGINE   current: { node: 'v22.12.0', npm: '10.9.0' }
16 warn EBADENGINE }
17 warn EBADENGINE Unsupported engine {
17 warn EBADENGINE   package: '@jackyzha0/quartz@4.5.2',
17 warn EBADENGINE   required: { npm: '>=10.9.2', node: '>=22' },
17 warn EBADENGINE   current: { node: 'v22.12.0', npm: '10.9.0' }
17 warn EBADENGINE }
18 silly reify moves {}
19 silly audit bulk request { '@jackyzha0/quartz': [ '4.5.2' ] }
20 http fetch POST 200 https://registry.npmjs.org/-/npm/v1/security/advisories/bulk 544ms
21 silly audit report {}
22 verbose cwd D:\Моя_НРИ\Project Andromeda\.quartz-site
23 verbose os Windows_NT 10.0.19045
24 verbose node v22.12.0
25 verbose npm  v10.9.0
26 verbose exit 0
27 info ok
