0 verbose cli C:\Program Files\nodejs\node.exe C:\Program Files\nodejs\node_modules\npm\bin\npm-cli.js
1 info using npm@10.9.0
2 info using node@v22.12.0
3 silly config load:file:C:\Program Files\nodejs\node_modules\npm\npmrc
4 silly config load:file:D:\Моя_НРИ\Project Andromeda\.quartz-site\.npmrc
5 silly config load:file:C:\Users\Matvei\.npmrc
6 silly config load:file:D:\Моя_НРИ\Project Andromeda\.quartz-site\etc\npmrc
7 verbose title npm exec quartz build
8 verbose argv "exec" "--" "quartz" "build"
9 verbose logfile logs-max:10 dir:D:\Моя_НРИ\Project Andromeda\.npm-cache\_logs\2026-04-08T14_59_45_744Z-
10 verbose logfile D:\Моя_НРИ\Project Andromeda\.npm-cache\_logs\2026-04-08T14_59_45_744Z-debug-0.log
11 silly logfile start cleaning logs, removing 1 files
12 silly logfile done cleaning log files
13 silly packumentCache heap:4345298944 maxSize:1086324736 maxEntrySize:543162368
14 silly packumentCache heap:4345298944 maxSize:1086324736 maxEntrySize:543162368
15 verbose shrinkwrap failed to load node_modules/.package-lock.json out of date, updated: ../../../.quartz-site
16 silly idealTree buildDeps
17 silly placeDep ROOT @jackyzha0/quartz@4.5.2 REPLACE for:  want: file:../../../.quartz-site
18 warn EBADENGINE Unsupported engine {
18 warn EBADENGINE   package: '@jackyzha0/quartz@4.5.2',
18 warn EBADENGINE   required: { npm: '>=10.9.2', node: '>=22' },
18 warn EBADENGINE   current: { node: 'v22.12.0', npm: '10.9.0' }
18 warn EBADENGINE }
19 warn EBADENGINE Unsupported engine {
19 warn EBADENGINE   package: '@jackyzha0/quartz@4.5.2',
19 warn EBADENGINE   required: { npm: '>=10.9.2', node: '>=22' },
19 warn EBADENGINE   current: { node: 'v22.12.0', npm: '10.9.0' }
19 warn EBADENGINE }
20 silly reify moves {}
21 silly audit bulk request { '@jackyzha0/quartz': [ '4.5.2' ] }
22 http fetch POST 200 https://registry.npmjs.org/-/npm/v1/security/advisories/bulk 542ms
23 silly audit report {}
24 verbose cwd D:\Моя_НРИ\Project Andromeda\.quartz-site
25 verbose os Windows_NT 10.0.19045
26 verbose node v22.12.0
27 verbose npm  v10.9.0
28 verbose exit 0
29 info ok
